E:\STUDY\SEM8\ADVANCE_COMPUTER_GRAPHICS\ASSIGNMENTS\ASS1\LOOP\ASS1\DEBUG\ASS1.EXE
E:\STUDY\SEM8\ADVANCE_COMPUTER_GRAPHICS\ASSIGNMENTS\ASS1\LOOP\ASS1\DEBUG\ASS1.EXE.INTERMEDIATE.MANIFEST
E:\STUDY\SEM8\ADVANCE_COMPUTER_GRAPHICS\ASSIGNMENTS\ASS1\LOOP\ASS1\DEBUG\ASS1.ILK
E:\STUDY\SEM8\ADVANCE_COMPUTER_GRAPHICS\ASSIGNMENTS\ASS1\LOOP\ASS1\DEBUG\ASS1.PDB
E:\Study\sem8\Advance_Computer_Graphics\Assignments\Ass1\loop\ass1\Debug\ass1.vcxprojResolveAssemblyReference.cache
E:\Study\sem8\Advance_Computer_Graphics\Assignments\Ass1\loop\ass1\Debug\ass1.write.1.tlog
E:\STUDY\SEM8\ADVANCE_COMPUTER_GRAPHICS\ASSIGNMENTS\ASS1\LOOP\ASS1\DEBUG\CHECKERBOARD.OBJ
E:\Study\sem8\Advance_Computer_Graphics\Assignments\Ass1\loop\ass1\Debug\cl.command.1.tlog
E:\Study\sem8\Advance_Computer_Graphics\Assignments\Ass1\loop\ass1\Debug\CL.read.1.tlog
E:\Study\sem8\Advance_Computer_Graphics\Assignments\Ass1\loop\ass1\Debug\CL.write.1.tlog
E:\Study\sem8\Advance_Computer_Graphics\Assignments\Ass1\loop\ass1\Debug\link.command.1.tlog
E:\Study\sem8\Advance_Computer_Graphics\Assignments\Ass1\loop\ass1\Debug\link.read.1.tlog
E:\Study\sem8\Advance_Computer_Graphics\Assignments\Ass1\loop\ass1\Debug\link.write.1.tlog
E:\STUDY\SEM8\ADVANCE_COMPUTER_GRAPHICS\ASSIGNMENTS\ASS1\LOOP\ASS1\DEBUG\LOADER.OBJ
E:\STUDY\SEM8\ADVANCE_COMPUTER_GRAPHICS\ASSIGNMENTS\ASS1\LOOP\ASS1\DEBUG\LOOPSUBDIVISION.OBJ
E:\STUDY\SEM8\ADVANCE_COMPUTER_GRAPHICS\ASSIGNMENTS\ASS1\LOOP\ASS1\DEBUG\MAIN.OBJ
E:\Study\sem8\Advance_Computer_Graphics\Assignments\Ass1\loop\ass1\Debug\mt.command.1.tlog
E:\Study\sem8\Advance_Computer_Graphics\Assignments\Ass1\loop\ass1\Debug\mt.read.1.tlog
E:\Study\sem8\Advance_Computer_Graphics\Assignments\Ass1\loop\ass1\Debug\mt.write.1.tlog
E:\STUDY\SEM8\ADVANCE_COMPUTER_GRAPHICS\ASSIGNMENTS\ASS1\LOOP\ASS1\DEBUG\RAYTRACER.OBJ
E:\Study\sem8\Advance_Computer_Graphics\Assignments\Ass1\loop\ass1\Debug\vc100.idb
E:\STUDY\SEM8\ADVANCE_COMPUTER_GRAPHICS\ASSIGNMENTS\ASS1\LOOP\ASS1\DEBUG\VC100.PDB
E:\STUDY\SEM8\ADVANCE_COMPUTER_GRAPHICS\ASSIGNMENTS\ASS1\LOOP\ASS1\DEBUG\WINGEDEDGE.OBJ
