.\Debug\ass1.pdb
E:\STUDY\SEM8\ADVANCE_COMPUTER_GRAPHICS\ASSIGNMENTS\ASS1\ASS1\ASS1\DEBUG\ASS1.EXE
E:\STUDY\SEM8\ADVANCE_COMPUTER_GRAPHICS\ASSIGNMENTS\ASS1\ASS1\ASS1\DEBUG\ASS1.PDB
E:\STUDY\SEM8\ADVANCE_COMPUTER_GRAPHICS\ASSIGNMENTS\ASS1\ASS1\ASS1\RELEASE\ASS1.EXE.INTERMEDIATE.MANIFEST
E:\STUDY\SEM8\ADVANCE_COMPUTER_GRAPHICS\ASSIGNMENTS\ASS1\ASS1\ASS1\RELEASE\LOADER.OBJ
E:\STUDY\SEM8\ADVANCE_COMPUTER_GRAPHICS\ASSIGNMENTS\ASS1\ASS1\ASS1\RELEASE\LOOPSUBDIVISION.OBJ
E:\STUDY\SEM8\ADVANCE_COMPUTER_GRAPHICS\ASSIGNMENTS\ASS1\ASS1\ASS1\RELEASE\MAIN.OBJ
E:\STUDY\SEM8\ADVANCE_COMPUTER_GRAPHICS\ASSIGNMENTS\ASS1\ASS1\ASS1\RELEASE\VC100.PDB
E:\STUDY\SEM8\ADVANCE_COMPUTER_GRAPHICS\ASSIGNMENTS\ASS1\ASS1\ASS1\RELEASE\WINGEDEDGE.OBJ
E:\Study\sem8\Advance_Computer_Graphics\Assignments\Ass1\loop\ass1\.\Debug\ass1.exe.intermediate.manifest
E:\STUDY\SEM8\ADVANCE_COMPUTER_GRAPHICS\ASSIGNMENTS\ASS1\LOOP\ASS1\DEBUG\ASS1.EXE
E:\STUDY\SEM8\ADVANCE_COMPUTER_GRAPHICS\ASSIGNMENTS\ASS1\LOOP\ASS1\DEBUG\ASS1.PDB
E:\STUDY\SEM8\ADVANCE_COMPUTER_GRAPHICS\ASSIGNMENTS\ASS1\LOOP\ASS1\RELEASE\ASS1.EXE.INTERMEDIATE.MANIFEST
E:\Study\sem8\Advance_Computer_Graphics\Assignments\Ass1\loop\ass1\Release\ass1.vcxprojResolveAssemblyReference.cache
E:\Study\sem8\Advance_Computer_Graphics\Assignments\Ass1\loop\ass1\Release\ass1.write.1.tlog
E:\STUDY\SEM8\ADVANCE_COMPUTER_GRAPHICS\ASSIGNMENTS\ASS1\LOOP\ASS1\RELEASE\CHECKERBOARD.OBJ
E:\Study\sem8\Advance_Computer_Graphics\Assignments\Ass1\loop\ass1\Release\cl.command.1.tlog
E:\Study\sem8\Advance_Computer_Graphics\Assignments\Ass1\loop\ass1\Release\CL.read.1.tlog
E:\Study\sem8\Advance_Computer_Graphics\Assignments\Ass1\loop\ass1\Release\CL.write.1.tlog
E:\Study\sem8\Advance_Computer_Graphics\Assignments\Ass1\loop\ass1\Release\link.command.1.tlog
E:\Study\sem8\Advance_Computer_Graphics\Assignments\Ass1\loop\ass1\Release\link.read.1.tlog
E:\Study\sem8\Advance_Computer_Graphics\Assignments\Ass1\loop\ass1\Release\link.write.1.tlog
E:\STUDY\SEM8\ADVANCE_COMPUTER_GRAPHICS\ASSIGNMENTS\ASS1\LOOP\ASS1\RELEASE\LOADER.OBJ
E:\STUDY\SEM8\ADVANCE_COMPUTER_GRAPHICS\ASSIGNMENTS\ASS1\LOOP\ASS1\RELEASE\LOOPSUBDIVISION.OBJ
E:\STUDY\SEM8\ADVANCE_COMPUTER_GRAPHICS\ASSIGNMENTS\ASS1\LOOP\ASS1\RELEASE\MAIN.OBJ
E:\Study\sem8\Advance_Computer_Graphics\Assignments\Ass1\loop\ass1\Release\mt.command.1.tlog
E:\Study\sem8\Advance_Computer_Graphics\Assignments\Ass1\loop\ass1\Release\mt.read.1.tlog
E:\Study\sem8\Advance_Computer_Graphics\Assignments\Ass1\loop\ass1\Release\mt.write.1.tlog
E:\STUDY\SEM8\ADVANCE_COMPUTER_GRAPHICS\ASSIGNMENTS\ASS1\LOOP\ASS1\RELEASE\RAYTRACER.OBJ
E:\STUDY\SEM8\ADVANCE_COMPUTER_GRAPHICS\ASSIGNMENTS\ASS1\LOOP\ASS1\RELEASE\VC100.PDB
E:\STUDY\SEM8\ADVANCE_COMPUTER_GRAPHICS\ASSIGNMENTS\ASS1\LOOP\ASS1\RELEASE\WINGEDEDGE.OBJ
